<?xml version="1.0" encoding="UTF-8"?>
<testsuite xmlns:xsi="http://www.w3.org/2001/XMLSchema-instance" xsi:noNamespaceSchemaLocation="https://maven.apache.org/surefire/maven-surefire-plugin/xsd/surefire-test-report.xsd" version="3.0.2" name="calculator.CucumberTest" time="2.958" tests="20" errors="0" skipped="0" failures="0">
  <properties>
[...]
</properties>
  <testcase name="Double Arithmetic Expressions - Adding two double numbers" classname="Double Arithmetic Expressions" time="0.236"/>
  <testcase name="Double Arithmetic Expressions - Subtracting two double numbers" classname="Double Arithmetic Expressions" time="0.014"/>
  <testcase name="Double Arithmetic Expressions - Multiplying two double numbers" classname="Double Arithmetic Expressions" time="0.014"/>
  <testcase name="Double Arithmetic Expressions - Dividing two double numbers" classname="Double Arithmetic Expressions" time="0.01"/>
  <testcase name="Double Arithmetic Expressions - Printing the sum of two double numbers" classname="Double Arithmetic Expressions" time="0.023"/>
  <testcase name="Double Arithmetic Expressions - Evaluation arithmetic operations over a list of double numbers" classname="Double Arithmetic Expressions" time="0.022">
    <system-out><![CDATA[value =8.0
value =2.0
value =2.0
]]></system-out>
  </testcase>
  <testcase name="Double Arithmetic Expressions - Division by zero" classname="Double Arithmetic Expressions" time="0.006">
    <system-err><![CDATA[Warning: Division by zero detected. Returning NaN.
]]></system-err>
  </testcase>
  <testcase name="Double Arithmetic Expressions - Adding two double numbers - Examples - Example #1.1" classname="Double Arithmetic Expressions - Adding two double numbers - Examples" time="0.014"/>
  <testcase name="Double Arithmetic Expressions - Adding two double numbers - Examples - Example #1.2" classname="Double Arithmetic Expressions - Adding two double numbers - Examples" time="0.01"/>
  <testcase name="Double Arithmetic Expressions - Dividing two double numbers - Examples - Example #1.1" classname="Double Arithmetic Expressions - Dividing two double numbers - Examples" time="0.014"/>
  <testcase name="Double Arithmetic Expressions - Dividing two double numbers - Examples - Example #1.2" classname="Double Arithmetic Expressions - Dividing two double numbers - Examples" time="0.01"/>
  <testcase name="Double Arithmetic Expressions - Dividing two double numbers - Examples - Example #1.3" classname="Double Arithmetic Expressions - Dividing two double numbers - Examples" time="0.009"/>
  <testcase name="Double Arithmetic Expressions - Evaluating arithmetic operations with two double parameters - Examples - Example #1.1" classname="Double Arithmetic Expressions - Evaluating arithmetic operations with two double parameters - Examples" time="0.006"/>
  <testcase name="Double Arithmetic Expressions - Evaluating arithmetic operations with two double parameters - Examples - Example #1.2" classname="Double Arithmetic Expressions - Evaluating arithmetic operations with two double parameters - Examples" time="0.012"/>
  <testcase name="Double Arithmetic Expressions - Evaluating arithmetic operations with two double parameters - Examples - Example #1.3" classname="Double Arithmetic Expressions - Evaluating arithmetic operations with two double parameters - Examples" time="0.01"/>
  <testcase name="Double Arithmetic Expressions - Evaluating arithmetic operations with two double parameters - Examples - Example #1.4" classname="Double Arithmetic Expressions - Evaluating arithmetic operations with two double parameters - Examples" time="0.01"/>
  <testcase name="Double Arithmetic Expressions - Testing notations with two double numbers - Examples - Example #1.1" classname="Double Arithmetic Expressions - Testing notations with two double numbers - Examples" time="0.007"/>
  <testcase name="Double Arithmetic Expressions - Testing notations with two double numbers - Examples - Example #1.2" classname="Double Arithmetic Expressions - Testing notations with two double numbers - Examples" time="0.005"/>
  <testcase name="Double Arithmetic Expressions - Testing notations with two double numbers - Examples - Example #1.3" classname="Double Arithmetic Expressions - Testing notations with two double numbers - Examples" time="0.008"/>
  <testcase name="Double Arithmetic Expressions - Testing notations with two double numbers - Examples - Example #1.4" classname="Double Arithmetic Expressions - Testing notations with two double numbers - Examples" time="0.014"/>
</testsuite>